<?xml version="1.0" encoding="UTF-8"?>
<!-- Generated by org.testng.reporters.JUnitXMLReporter -->
<testsuite hostname="Ankur3147469" ignored="0" name="Test" tests="4" failures="2" timestamp="10 Apr 2020 18:00:58 GMT" time="81.139" errors="0">
  <testcase name="login" time="7.624" classname="com.ankur.tests.LoginTest"/>
  <testcase name="compareItemName" time="7.428" classname="com.ankur.tests.ItemComparisonTest"/>
  <testcase name="verifyProductName" time="9.237" classname="com.ankur.tests.ProductDetailPageTest">
    <failure type="java.lang.AssertionError" message="The following asserts failed:
	expected [Intentional incorrect name] but found [Faded Short Sleeve T-shirts]">
      <![CDATA[java.lang.AssertionError: The following asserts failed:
expected [Intentional incorrect name] but found [Faded Short Sleeve T-shirts]
at com.ankur.tests.ProductDetailPageTest.verifyProductName(ProductDetailPageTest.java:95)
... Removed 26 stack frames]]>
    </failure>
  </testcase> <!-- verifyProductName -->
  <testcase name="verifyAddToCart" time="0.421" classname="com.ankur.tests.ProductDetailPageTest">
    <failure type="java.lang.AssertionError" message="The following asserts failed:
	expected [Intentional incorrect name] but found [Faded Short Sleeve T-shirts],
	Intentional soft assertion failure with this message expected [null] but found [[[ChromeDriver: chrome on WINDOWS (69100641f98fdd585bcf4ed9dd6220b4)] -&amp;gt; xpath: //*[@id=&amp;quot;add_to_cart&amp;quot;]/button/span]]">
      <![CDATA[java.lang.AssertionError: The following asserts failed:
expected [Intentional incorrect name] but found [Faded Short Sleeve T-shirts],
Intentional soft assertion failure with this message expected [null] but found [[[ChromeDriver: chrome on WINDOWS (69100641f98fdd585bcf4ed9dd6220b4)] -> xpath: //*[@id="add_to_cart"]/button/span]]
at com.ankur.tests.ProductDetailPageTest.verifyAddToCart(ProductDetailPageTest.java:105)
... Removed 26 stack frames]]>
    </failure>
  </testcase> <!-- verifyAddToCart -->
</testsuite> <!-- Test -->
