<!DOCTYPE html PUBLIC "-//W3C//DTD XHTML 1.1//EN" "http://www.w3.org/TR/xhtml11/DTD/xhtml11.dtd">
<html xmlns="http://www.w3.org/1999/xhtml">
<head>
<meta http-equiv="content-type" content="text/html; charset=UTF-8"/>
<title>TestNG Report</title>
<style type="text/css">table {margin-bottom:10px;border-collapse:collapse;empty-cells:show}th,td {border:1px solid #009;padding:.25em .5em}th {vertical-align:bottom}td {vertical-align:top}table a {font-weight:bold}.stripe td {background-color: #E6EBF9}.num {text-align:right}.passedodd td {background-color: #3F3}.passedeven td {background-color: #0A0}.skippedodd td {background-color: #DDD}.skippedeven td {background-color: #CCC}.failedodd td,.attn {background-color: #F33}.failedeven td,.stripe .attn {background-color: #D00}.stacktrace {white-space:pre;font-family:monospace}.totop {font-size:85%;text-align:center;border-bottom:2px solid #000}.invisible {display:none}</style>
</head>
<body>
<table>
<tr><th>Test</th><th># Passed</th><th># Skipped</th><th># Failed</th><th>Time (ms)</th><th>Included Groups</th><th>Excluded Groups</th></tr>
<tr><th colspan="7">Suite</th></tr>
<tr><td><a href="#t0">Test</a></td><td class="num">2</td><td class="num">0</td><td class="num attn">2</td><td class="num">81,139</td><td></td><td></td></tr>
</table>
<table id='summary'><thead><tr><th>Class</th><th>Method</th><th>Start</th><th>Time (ms)</th></tr></thead><tbody><tr><th colspan="4">Suite</th></tr></tbody><tbody id="t0"><tr><th colspan="4">Test &#8212; failed</th></tr><tr class="failedeven"><td rowspan="2">com.ankur.tests.ProductDetailPageTest</td><td><a href="#m0">verifyAddToCart</a></td><td rowspan="1">1586541656506</td><td rowspan="1">421</td></tr><tr class="failedeven"><td><a href="#m1">verifyProductName</a></td><td rowspan="1">1586541647244</td><td rowspan="1">9237</td></tr><tr><th colspan="4">Test &#8212; passed</th></tr><tr class="passedeven"><td rowspan="1">com.ankur.tests.ItemComparisonTest</td><td><a href="#m2">compareItemName</a></td><td rowspan="1">1586541639792</td><td rowspan="1">7428</td></tr><tr class="passedodd"><td rowspan="1">com.ankur.tests.LoginTest</td><td><a href="#m3">login</a></td><td rowspan="1">1586541631989</td><td rowspan="1">7624</td></tr></tbody>
</table>
<h2>Test</h2><h3 id="m0">com.ankur.tests.ProductDetailPageTest#verifyAddToCart</h3><table class="result"><tr><th>Exception</th></tr><tr><td><div class="stacktrace">java.lang.AssertionError: The following asserts failed:
	expected [Intentional incorrect name] but found [Faded Short Sleeve T-shirts],
	Intentional soft assertion failure with this message expected [null] but found [[[ChromeDriver: chrome on WINDOWS (69100641f98fdd585bcf4ed9dd6220b4)] -&gt; xpath: //*[@id=&quot;add_to_cart&quot;]/button/span]]
	at com.ankur.tests.ProductDetailPageTest.verifyAddToCart(ProductDetailPageTest.java:105)
... Removed 26 stack frames</div></td></tr></table><p class="totop"><a href="#summary">back to summary</a></p>
<h3 id="m1">com.ankur.tests.ProductDetailPageTest#verifyProductName</h3><table class="result"><tr><th>Exception</th></tr><tr><td><div class="stacktrace">java.lang.AssertionError: The following asserts failed:
	expected [Intentional incorrect name] but found [Faded Short Sleeve T-shirts]
	at com.ankur.tests.ProductDetailPageTest.verifyProductName(ProductDetailPageTest.java:95)
... Removed 26 stack frames</div></td></tr></table><p class="totop"><a href="#summary">back to summary</a></p>
<h3 id="m2">com.ankur.tests.ItemComparisonTest#compareItemName</h3><table class="result"><tr><th class="invisible"/></tr></table><p class="totop"><a href="#summary">back to summary</a></p>
<h3 id="m3">com.ankur.tests.LoginTest#login</h3><table class="result"><tr class="param"><th>Parameter #1</th><th>Parameter #2</th></tr><tr class="param stripe"><td>test1234567890@yopmail.com</td><td>password</td></tr></table><p class="totop"><a href="#summary">back to summary</a></p>
</body>
</html>
