<?xml version="1.0" encoding="UTF-8"?>
<testng-results skipped="0" failed="2" ignored="0" total="4" passed="2">
  <reporter-output>
  </reporter-output>
  <suite name="Suite" duration-ms="81139" started-at="2020-04-10T17:59:37Z" finished-at="2020-04-10T18:00:58Z">
    <groups>
    </groups>
    <test name="Test" duration-ms="81139" started-at="2020-04-10T17:59:37Z" finished-at="2020-04-10T18:00:58Z">
      <class name="com.ankur.tests.ItemComparisonTest">
        <test-method status="PASS" signature="beforeSuite()[pri:0, instance:com.ankur.tests.ItemComparisonTest@5442a311]" name="beforeSuite" is-config="true" duration-ms="30" started-at="2020-04-10T17:59:37Z" finished-at="2020-04-10T17:59:37Z">
          <reporter-output>
          </reporter-output>
        </test-method> <!-- beforeSuite -->
        <test-method status="PASS" signature="beforeTest()[pri:0, instance:com.ankur.tests.ItemComparisonTest@5442a311]" name="beforeTest" is-config="true" duration-ms="18967" started-at="2020-04-10T17:59:37Z" finished-at="2020-04-10T17:59:56Z">
          <reporter-output>
          </reporter-output>
        </test-method> <!-- beforeTest -->
        <test-method status="PASS" signature="beforeTest()[pri:0, instance:com.ankur.tests.LoginTest@548e7350]" name="beforeTest" is-config="true" duration-ms="18686" started-at="2020-04-10T17:59:56Z" finished-at="2020-04-10T18:00:15Z">
          <reporter-output>
          </reporter-output>
        </test-method> <!-- beforeTest -->
        <test-method status="PASS" signature="beforeTest()[pri:0, instance:com.ankur.tests.ProductDetailPageTest@1a968a59]" name="beforeTest" is-config="true" duration-ms="16023" started-at="2020-04-10T18:00:15Z" finished-at="2020-04-10T18:00:31Z">
          <reporter-output>
          </reporter-output>
        </test-method> <!-- beforeTest -->
        <test-method status="PASS" signature="beforeMethod(java.lang.reflect.Method)[pri:0, instance:com.ankur.tests.ItemComparisonTest@5442a311]" name="beforeMethod" is-config="true" duration-ms="0" started-at="2020-04-10T18:00:39Z" finished-at="2020-04-10T18:00:39Z">
          <params>
            <param index="0">
              <value>
                <![CDATA[public void com.ankur.tests.ItemComparisonTest.compareItemName()]]>
              </value>
            </param>
          </params>
          <reporter-output>
          </reporter-output>
        </test-method> <!-- beforeMethod -->
        <test-method status="PASS" signature="compareItemName()[pri:0, instance:com.ankur.tests.ItemComparisonTest@5442a311]" name="compareItemName" duration-ms="7428" started-at="2020-04-10T18:00:39Z" finished-at="2020-04-10T18:00:47Z">
          <reporter-output>
          </reporter-output>
        </test-method> <!-- compareItemName -->
        <test-method status="PASS" signature="afterMethod(org.testng.ITestResult)[pri:0, instance:com.ankur.tests.ItemComparisonTest@5442a311]" name="afterMethod" is-config="true" duration-ms="24" started-at="2020-04-10T18:00:47Z" finished-at="2020-04-10T18:00:47Z">
          <params>
            <param index="0">
              <value>
                <![CDATA[[TestResult name=compareItemName status=SUCCESS method=ItemComparisonTest.compareItemName()[pri:0, instance:com.ankur.tests.ItemComparisonTest@5442a311] output={null}]]]>
              </value>
            </param>
          </params>
          <reporter-output>
          </reporter-output>
        </test-method> <!-- afterMethod -->
        <test-method status="PASS" signature="afterTest()[pri:0, instance:com.ankur.tests.ItemComparisonTest@5442a311]" name="afterTest" is-config="true" duration-ms="682" started-at="2020-04-10T18:00:56Z" finished-at="2020-04-10T18:00:57Z">
          <reporter-output>
          </reporter-output>
        </test-method> <!-- afterTest -->
        <test-method status="PASS" signature="afterTest()[pri:0, instance:com.ankur.tests.LoginTest@548e7350]" name="afterTest" is-config="true" duration-ms="645" started-at="2020-04-10T18:00:57Z" finished-at="2020-04-10T18:00:58Z">
          <reporter-output>
          </reporter-output>
        </test-method> <!-- afterTest -->
        <test-method status="PASS" signature="afterTest()[pri:0, instance:com.ankur.tests.ProductDetailPageTest@1a968a59]" name="afterTest" is-config="true" duration-ms="664" started-at="2020-04-10T18:00:58Z" finished-at="2020-04-10T18:00:58Z">
          <reporter-output>
          </reporter-output>
        </test-method> <!-- afterTest -->
      </class> <!-- com.ankur.tests.ItemComparisonTest -->
      <class name="com.ankur.tests.LoginTest">
        <test-method status="PASS" signature="beforeMethod(java.lang.reflect.Method)[pri:0, instance:com.ankur.tests.LoginTest@548e7350]" name="beforeMethod" is-config="true" duration-ms="2" started-at="2020-04-10T18:00:31Z" finished-at="2020-04-10T18:00:31Z">
          <params>
            <param index="0">
              <value>
                <![CDATA[public void com.ankur.tests.LoginTest.login(java.lang.String,java.lang.String)]]>
              </value>
            </param>
          </params>
          <reporter-output>
          </reporter-output>
        </test-method> <!-- beforeMethod -->
        <test-method status="PASS" signature="login(java.lang.String, java.lang.String)[pri:0, instance:com.ankur.tests.LoginTest@548e7350]" name="login" duration-ms="7624" started-at="2020-04-10T18:00:31Z" data-provider="getUserData" finished-at="2020-04-10T18:00:39Z">
          <params>
            <param index="0">
              <value>
                <![CDATA[test1234567890@yopmail.com]]>
              </value>
            </param>
            <param index="1">
              <value>
                <![CDATA[password]]>
              </value>
            </param>
          </params>
          <reporter-output>
          </reporter-output>
        </test-method> <!-- login -->
        <test-method status="PASS" signature="afterMethod(org.testng.ITestResult)[pri:0, instance:com.ankur.tests.LoginTest@548e7350]" name="afterMethod" is-config="true" duration-ms="177" started-at="2020-04-10T18:00:39Z" finished-at="2020-04-10T18:00:39Z">
          <params>
            <param index="0">
              <value>
                <![CDATA[[TestResult name=login status=SUCCESS method=LoginTest.login(java.lang.String, java.lang.String)[pri:0, instance:com.ankur.tests.LoginTest@548e7350] output={null}]]]>
              </value>
            </param>
          </params>
          <reporter-output>
          </reporter-output>
        </test-method> <!-- afterMethod -->
      </class> <!-- com.ankur.tests.LoginTest -->
      <class name="com.ankur.tests.ProductDetailPageTest">
        <test-method status="FAIL" signature="verifyProductName()[pri:1, instance:com.ankur.tests.ProductDetailPageTest@1a968a59]" name="verifyProductName" duration-ms="9237" started-at="2020-04-10T18:00:47Z" finished-at="2020-04-10T18:00:56Z">
          <exception class="java.lang.AssertionError">
            <message>
              <![CDATA[The following asserts failed:
expected [Intentional incorrect name] but found [Faded Short Sleeve T-shirts]]]>
            </message>
            <full-stacktrace>
              <![CDATA[java.lang.AssertionError: The following asserts failed:
expected [Intentional incorrect name] but found [Faded Short Sleeve T-shirts]
at org.testng.asserts.SoftAssert.assertAll(SoftAssert.java:43)
at com.ankur.tests.ProductDetailPageTest.verifyProductName(ProductDetailPageTest.java:95)
at sun.reflect.NativeMethodAccessorImpl.invoke0(Native Method)
at sun.reflect.NativeMethodAccessorImpl.invoke(NativeMethodAccessorImpl.java:62)
at sun.reflect.DelegatingMethodAccessorImpl.invoke(DelegatingMethodAccessorImpl.java:43)
at java.lang.reflect.Method.invoke(Method.java:498)
at org.testng.internal.MethodInvocationHelper.invokeMethod(MethodInvocationHelper.java:124)
at org.testng.internal.Invoker.invokeMethod(Invoker.java:583)
at org.testng.internal.Invoker.invokeTestMethod(Invoker.java:719)
at org.testng.internal.Invoker.invokeTestMethods(Invoker.java:989)
at org.testng.internal.TestMethodWorker.invokeTestMethods(TestMethodWorker.java:125)
at org.testng.internal.TestMethodWorker.run(TestMethodWorker.java:109)
at org.testng.TestRunner.privateRun(TestRunner.java:648)
at org.testng.TestRunner.run(TestRunner.java:505)
at org.testng.SuiteRunner.runTest(SuiteRunner.java:455)
at org.testng.SuiteRunner.runSequentially(SuiteRunner.java:450)
at org.testng.SuiteRunner.privateRun(SuiteRunner.java:415)
at org.testng.SuiteRunner.run(SuiteRunner.java:364)
at org.testng.SuiteRunnerWorker.runSuite(SuiteRunnerWorker.java:52)
at org.testng.SuiteRunnerWorker.run(SuiteRunnerWorker.java:84)
at org.testng.TestNG.runSuitesSequentially(TestNG.java:1208)
at org.testng.TestNG.runSuitesLocally(TestNG.java:1137)
at org.testng.TestNG.runSuites(TestNG.java:1049)
at org.testng.TestNG.run(TestNG.java:1017)
at org.testng.remote.AbstractRemoteTestNG.run(AbstractRemoteTestNG.java:114)
at org.testng.remote.RemoteTestNG.initAndRun(RemoteTestNG.java:251)
at org.testng.remote.RemoteTestNG.main(RemoteTestNG.java:77)
]]>
            </full-stacktrace>
          </exception> <!-- java.lang.AssertionError -->
          <reporter-output>
          </reporter-output>
        </test-method> <!-- verifyProductName -->
        <test-method status="PASS" signature="beforeMethod(java.lang.reflect.Method)[pri:0, instance:com.ankur.tests.ProductDetailPageTest@1a968a59]" name="beforeMethod" is-config="true" duration-ms="0" started-at="2020-04-10T18:00:47Z" finished-at="2020-04-10T18:00:47Z">
          <params>
            <param index="0">
              <value>
                <![CDATA[public void com.ankur.tests.ProductDetailPageTest.verifyProductName()]]>
              </value>
            </param>
          </params>
          <reporter-output>
          </reporter-output>
        </test-method> <!-- beforeMethod -->
        <test-method status="PASS" signature="afterMethod(org.testng.ITestResult)[pri:0, instance:com.ankur.tests.ProductDetailPageTest@1a968a59]" name="afterMethod" is-config="true" duration-ms="23" started-at="2020-04-10T18:00:56Z" finished-at="2020-04-10T18:00:56Z">
          <params>
            <param index="0">
              <value>
                <![CDATA[[TestResult name=verifyProductName status=FAILURE method=ProductDetailPageTest.verifyProductName()[pri:1, instance:com.ankur.tests.ProductDetailPageTest@1a968a59] output={null}]]]>
              </value>
            </param>
          </params>
          <reporter-output>
          </reporter-output>
        </test-method> <!-- afterMethod -->
        <test-method status="PASS" signature="beforeMethod(java.lang.reflect.Method)[pri:0, instance:com.ankur.tests.ProductDetailPageTest@1a968a59]" name="beforeMethod" is-config="true" duration-ms="0" started-at="2020-04-10T18:00:56Z" finished-at="2020-04-10T18:00:56Z">
          <params>
            <param index="0">
              <value>
                <![CDATA[public void com.ankur.tests.ProductDetailPageTest.verifyAddToCart()]]>
              </value>
            </param>
          </params>
          <reporter-output>
          </reporter-output>
        </test-method> <!-- beforeMethod -->
        <test-method status="FAIL" signature="verifyAddToCart()[pri:2, instance:com.ankur.tests.ProductDetailPageTest@1a968a59]" name="verifyAddToCart" duration-ms="421" started-at="2020-04-10T18:00:56Z" finished-at="2020-04-10T18:00:56Z">
          <exception class="java.lang.AssertionError">
            <message>
              <![CDATA[The following asserts failed:
expected [Intentional incorrect name] but found [Faded Short Sleeve T-shirts],
Intentional soft assertion failure with this message expected [null] but found [[[ChromeDriver: chrome on WINDOWS (69100641f98fdd585bcf4ed9dd6220b4)] -> xpath: //*[@id="add_to_cart"]/button/span]]]]>
            </message>
            <full-stacktrace>
              <![CDATA[java.lang.AssertionError: The following asserts failed:
expected [Intentional incorrect name] but found [Faded Short Sleeve T-shirts],
Intentional soft assertion failure with this message expected [null] but found [[[ChromeDriver: chrome on WINDOWS (69100641f98fdd585bcf4ed9dd6220b4)] -> xpath: //*[@id="add_to_cart"]/button/span]]
at org.testng.asserts.SoftAssert.assertAll(SoftAssert.java:43)
at com.ankur.tests.ProductDetailPageTest.verifyAddToCart(ProductDetailPageTest.java:105)
at sun.reflect.NativeMethodAccessorImpl.invoke0(Native Method)
at sun.reflect.NativeMethodAccessorImpl.invoke(NativeMethodAccessorImpl.java:62)
at sun.reflect.DelegatingMethodAccessorImpl.invoke(DelegatingMethodAccessorImpl.java:43)
at java.lang.reflect.Method.invoke(Method.java:498)
at org.testng.internal.MethodInvocationHelper.invokeMethod(MethodInvocationHelper.java:124)
at org.testng.internal.Invoker.invokeMethod(Invoker.java:583)
at org.testng.internal.Invoker.invokeTestMethod(Invoker.java:719)
at org.testng.internal.Invoker.invokeTestMethods(Invoker.java:989)
at org.testng.internal.TestMethodWorker.invokeTestMethods(TestMethodWorker.java:125)
at org.testng.internal.TestMethodWorker.run(TestMethodWorker.java:109)
at org.testng.TestRunner.privateRun(TestRunner.java:648)
at org.testng.TestRunner.run(TestRunner.java:505)
at org.testng.SuiteRunner.runTest(SuiteRunner.java:455)
at org.testng.SuiteRunner.runSequentially(SuiteRunner.java:450)
at org.testng.SuiteRunner.privateRun(SuiteRunner.java:415)
at org.testng.SuiteRunner.run(SuiteRunner.java:364)
at org.testng.SuiteRunnerWorker.runSuite(SuiteRunnerWorker.java:52)
at org.testng.SuiteRunnerWorker.run(SuiteRunnerWorker.java:84)
at org.testng.TestNG.runSuitesSequentially(TestNG.java:1208)
at org.testng.TestNG.runSuitesLocally(TestNG.java:1137)
at org.testng.TestNG.runSuites(TestNG.java:1049)
at org.testng.TestNG.run(TestNG.java:1017)
at org.testng.remote.AbstractRemoteTestNG.run(AbstractRemoteTestNG.java:114)
at org.testng.remote.RemoteTestNG.initAndRun(RemoteTestNG.java:251)
at org.testng.remote.RemoteTestNG.main(RemoteTestNG.java:77)
]]>
            </full-stacktrace>
          </exception> <!-- java.lang.AssertionError -->
          <reporter-output>
          </reporter-output>
        </test-method> <!-- verifyAddToCart -->
        <test-method status="PASS" signature="afterMethod(org.testng.ITestResult)[pri:0, instance:com.ankur.tests.ProductDetailPageTest@1a968a59]" name="afterMethod" is-config="true" duration-ms="20" started-at="2020-04-10T18:00:56Z" finished-at="2020-04-10T18:00:56Z">
          <params>
            <param index="0">
              <value>
                <![CDATA[[TestResult name=verifyAddToCart status=FAILURE method=ProductDetailPageTest.verifyAddToCart()[pri:2, instance:com.ankur.tests.ProductDetailPageTest@1a968a59] output={null}]]]>
              </value>
            </param>
          </params>
          <reporter-output>
          </reporter-output>
        </test-method> <!-- afterMethod -->
      </class> <!-- com.ankur.tests.ProductDetailPageTest -->
    </test> <!-- Test -->
  </suite> <!-- Suite -->
</testng-results>
